<?xml version="1.0" encoding="UTF-8"?>
<!-- Generated by org.testng.reporters.JUnitXMLReporter -->
<testsuite ignored="0" hostname="HPDESKTOP" failures="0" tests="4" name="Test" time="0.081" errors="0" timestamp="2022-12-28T20:42:12 IST">
  <testcase classname="scripts.Tc1" name="demo" time="0.015"/>
  <testcase classname="scripts.Tc2" name="demo" time="0.001"/>
  <testcase classname="scripts.Tc3" name="demo" time="0.001"/>
  <testcase classname="scripts.Tc4" name="demo" time="0.002"/>
</testsuite> <!-- Test -->
