<?xml version="1.0" encoding="UTF-8"?>
<testng-results ignored="0" total="4" passed="4" failed="0" skipped="0">
  <reporter-output>
    <line>
      <![CDATA[hello java]]>
    </line>
    <line>
      <![CDATA[hello Selenium]]>
    </line>
    <line>
      <![CDATA[hello phython]]>
    </line>
    <line>
      <![CDATA[hello phython Selenium]]>
    </line>
  </reporter-output>
  <suite started-at="2022-12-28T20:42:11 IST" name="Suite" finished-at="2022-12-28T20:42:12 IST" duration-ms="81">
    <groups>
    </groups>
    <test started-at="2022-12-28T20:42:11 IST" name="Test" finished-at="2022-12-28T20:42:12 IST" duration-ms="81">
      <class name="scripts.Tc3">
        <test-method signature="demo()[pri:0, instance:scripts.Tc3@21de60b4]" started-at="2022-12-28T20:42:12 IST" name="demo" finished-at="2022-12-28T20:42:12 IST" duration-ms="1" status="PASS">
          <reporter-output>
            <line>
              <![CDATA[hello phython]]>
            </line>
          </reporter-output>
        </test-method> <!-- demo -->
      </class> <!-- scripts.Tc3 -->
      <class name="scripts.Tc4">
        <test-method signature="demo()[pri:0, instance:scripts.Tc4@c267ef4]" started-at="2022-12-28T20:42:12 IST" name="demo" finished-at="2022-12-28T20:42:12 IST" duration-ms="2" status="PASS">
          <reporter-output>
            <line>
              <![CDATA[hello phython Selenium]]>
            </line>
          </reporter-output>
        </test-method> <!-- demo -->
      </class> <!-- scripts.Tc4 -->
      <class name="scripts.Tc1">
        <test-method signature="demo()[pri:0, instance:scripts.Tc1@64cd705f]" started-at="2022-12-28T20:42:11 IST" name="demo" finished-at="2022-12-28T20:42:11 IST" duration-ms="15" status="PASS">
          <reporter-output>
            <line>
              <![CDATA[hello java]]>
            </line>
          </reporter-output>
        </test-method> <!-- demo -->
      </class> <!-- scripts.Tc1 -->
      <class name="scripts.Tc2">
        <test-method signature="demo()[pri:0, instance:scripts.Tc2@1700915]" started-at="2022-12-28T20:42:12 IST" name="demo" finished-at="2022-12-28T20:42:12 IST" duration-ms="1" status="PASS">
          <reporter-output>
            <line>
              <![CDATA[hello Selenium]]>
            </line>
          </reporter-output>
        </test-method> <!-- demo -->
      </class> <!-- scripts.Tc2 -->
    </test> <!-- Test -->
  </suite> <!-- Suite -->
</testng-results>
